<?xml version="1.0" encoding="UTF-8"?>
<testng-results ignored="0" total="5" passed="4" failed="1" skipped="0">
  <reporter-output>
  </reporter-output>
  <suite started-at="2024-11-15T08:20:52 IST" name="Suite" finished-at="2024-11-15T08:21:19 IST" duration-ms="27541">
    <groups>
      <group name="cucumber">
        <method signature="AbstractTestNGCucumberTests.runScenario(io.cucumber.testng.PickleWrapper,io.cucumber.testng.FeatureWrapper)[pri:0, instance:sanity_script.Runner@5fe94a96]" name="runScenario" class="io.cucumber.testng.AbstractTestNGCucumberTests"/>
      </group> <!-- cucumber -->
    </groups>
    <test started-at="2024-11-15T08:20:52 IST" name="Test" finished-at="2024-11-15T08:21:19 IST" duration-ms="27541">
      <class name="sanity_script.Runner">
        <test-method is-config="true" signature="setUpClass(org.testng.ITestContext)[pri:0, instance:sanity_script.Runner@5fe94a96]" started-at="2024-11-15T08:20:52 IST" name="setUpClass" finished-at="2024-11-15T08:20:52 IST" duration-ms="446" status="PASS">
          <params>
            <param index="0">
              <value>
                <![CDATA[org.testng.TestRunner@336206d8]]>
              </value>
            </param>
          </params>
          <reporter-output>
          </reporter-output>
        </test-method> <!-- setUpClass -->
        <test-method is-config="true" signature="browserlaunchconfiguration(java.lang.String,java.lang.String)[pri:0, instance:sanity_script.Runner@5fe94a96]" started-at="2024-11-15T08:20:52 IST" name="browserlaunchconfiguration" finished-at="2024-11-15T08:20:58 IST" duration-ms="5669" status="PASS">
          <params>
            <param index="0">
              <value>
                <![CDATA[chrome]]>
              </value>
            </param>
            <param index="1">
              <value>
                <![CDATA[QA]]>
              </value>
            </param>
          </params>
          <reporter-output>
          </reporter-output>
        </test-method> <!-- browserlaunchconfiguration -->
        <test-method signature="runScenario(io.cucumber.testng.PickleWrapper,io.cucumber.testng.FeatureWrapper)[pri:0, instance:sanity_script.Runner@5fe94a96]" started-at="2024-11-15T08:20:58 IST" name="runScenario" description="Runs Cucumber Scenarios" data-provider="scenarios" finished-at="2024-11-15T08:21:02 IST" duration-ms="3979" status="PASS">
          <params>
            <param index="0">
              <value>
                <![CDATA["login page : go to offline and check the toast content"]]>
              </value>
            </param>
            <param index="1">
              <value>
                <![CDATA["offline sceanrios"]]>
              </value>
            </param>
          </params>
          <reporter-output>
          </reporter-output>
        </test-method> <!-- runScenario -->
        <test-method signature="runScenario(io.cucumber.testng.PickleWrapper,io.cucumber.testng.FeatureWrapper)[pri:0, instance:sanity_script.Runner@5fe94a96]" started-at="2024-11-15T08:21:02 IST" name="runScenario" description="Runs Cucumber Scenarios" data-provider="scenarios" finished-at="2024-11-15T08:21:06 IST" duration-ms="3808" status="PASS">
          <params>
            <param index="0">
              <value>
                <![CDATA["Login page : click on the sigin in offline"]]>
              </value>
            </param>
            <param index="1">
              <value>
                <![CDATA["offline sceanrios"]]>
              </value>
            </param>
          </params>
          <reporter-output>
          </reporter-output>
        </test-method> <!-- runScenario -->
        <test-method signature="runScenario(io.cucumber.testng.PickleWrapper,io.cucumber.testng.FeatureWrapper)[pri:0, instance:sanity_script.Runner@5fe94a96]" started-at="2024-11-15T08:21:06 IST" name="runScenario" description="Runs Cucumber Scenarios" data-provider="scenarios" finished-at="2024-11-15T08:21:10 IST" duration-ms="4794" status="PASS">
          <params>
            <param index="0">
              <value>
                <![CDATA["Login page : come back to online in login page"]]>
              </value>
            </param>
            <param index="1">
              <value>
                <![CDATA["offline sceanrios"]]>
              </value>
            </param>
          </params>
          <reporter-output>
          </reporter-output>
        </test-method> <!-- runScenario -->
        <test-method signature="runScenario(io.cucumber.testng.PickleWrapper,io.cucumber.testng.FeatureWrapper)[pri:0, instance:sanity_script.Runner@5fe94a96]" started-at="2024-11-15T08:21:10 IST" name="runScenario" description="Runs Cucumber Scenarios" data-provider="scenarios" finished-at="2024-11-15T08:21:15 IST" duration-ms="4289" status="PASS">
          <params>
            <param index="0">
              <value>
                <![CDATA["Login the application"]]>
              </value>
            </param>
            <param index="1">
              <value>
                <![CDATA["offline sceanrios"]]>
              </value>
            </param>
          </params>
          <reporter-output>
          </reporter-output>
        </test-method> <!-- runScenario -->
        <test-method signature="runScenario(io.cucumber.testng.PickleWrapper,io.cucumber.testng.FeatureWrapper)[pri:0, instance:sanity_script.Runner@5fe94a96]" started-at="2024-11-15T08:21:15 IST" name="runScenario" description="Runs Cucumber Scenarios" data-provider="scenarios" finished-at="2024-11-15T08:21:19 IST" duration-ms="4174" status="FAIL">
          <params>
            <param index="0">
              <value>
                <![CDATA["Stream page : offline scenario in stream page"]]>
              </value>
            </param>
            <param index="1">
              <value>
                <![CDATA["offline sceanrios"]]>
              </value>
            </param>
          </params>
          <exception class="io.cucumber.java.PendingException">
            <message>
              <![CDATA[TODO: implement me]]>
            </message>
            <full-stacktrace>
              <![CDATA[io.cucumber.java.PendingException: TODO: implement me
at sanity_script.step_defination.click_on_the_create_stream_button(step_defination.java:102)
at ✽.click on the create stream button(file:///C:/Users/guru/Desktop/Automation_script/OTF_script/src/main/java/feature_file/OTF_offline.feature:33)
]]>
            </full-stacktrace>
          </exception> <!-- io.cucumber.java.PendingException -->
          <reporter-output>
          </reporter-output>
        </test-method> <!-- runScenario -->
        <test-method is-config="true" signature="browserQuitconfiguration()[pri:0, instance:sanity_script.Runner@5fe94a96]" started-at="2024-11-15T08:21:19 IST" name="browserQuitconfiguration" finished-at="2024-11-15T08:21:19 IST" duration-ms="307" status="PASS">
          <reporter-output>
          </reporter-output>
        </test-method> <!-- browserQuitconfiguration -->
        <test-method is-config="true" signature="tearDownClass()[pri:0, instance:sanity_script.Runner@5fe94a96]" started-at="2024-11-15T08:21:19 IST" name="tearDownClass" finished-at="2024-11-15T08:21:19 IST" duration-ms="41" status="PASS">
          <reporter-output>
          </reporter-output>
        </test-method> <!-- tearDownClass -->
      </class> <!-- sanity_script.Runner -->
    </test> <!-- Test -->
  </suite> <!-- Suite -->
</testng-results>
