<?xml version="1.0" encoding="UTF-8"?>
<testng-results ignored="0" total="10" passed="10" failed="0" skipped="0">
  <reporter-output>
  </reporter-output>
  <suite started-at="2024-11-18T10:27:24 IST" name="Suite" finished-at="2024-11-18T10:29:38 IST" duration-ms="133479">
    <groups>
      <group name="cucumber">
        <method signature="AbstractTestNGCucumberTests.runScenario(io.cucumber.testng.PickleWrapper,io.cucumber.testng.FeatureWrapper)[pri:0, instance:sanity_script.Runner@3b69e7d1]" name="runScenario" class="io.cucumber.testng.AbstractTestNGCucumberTests"/>
      </group> <!-- cucumber -->
    </groups>
    <test started-at="2024-11-18T10:27:24 IST" name="Test" finished-at="2024-11-18T10:29:38 IST" duration-ms="133479">
      <class name="sanity_script.Runner">
        <test-method is-config="true" signature="setUpClass(org.testng.ITestContext)[pri:0, instance:sanity_script.Runner@3b69e7d1]" started-at="2024-11-18T10:27:24 IST" name="setUpClass" finished-at="2024-11-18T10:27:25 IST" duration-ms="926" status="PASS">
          <params>
            <param index="0">
              <value>
                <![CDATA[org.testng.TestRunner@2913ca3e]]>
              </value>
            </param>
          </params>
          <reporter-output>
          </reporter-output>
        </test-method> <!-- setUpClass -->
        <test-method is-config="true" signature="browserlaunchconfiguration(java.lang.String,java.lang.String)[pri:0, instance:sanity_script.Runner@3b69e7d1]" started-at="2024-11-18T10:27:25 IST" name="browserlaunchconfiguration" finished-at="2024-11-18T10:27:37 IST" duration-ms="11963" status="PASS">
          <params>
            <param index="0">
              <value>
                <![CDATA[chrome]]>
              </value>
            </param>
            <param index="1">
              <value>
                <![CDATA[QA]]>
              </value>
            </param>
          </params>
          <reporter-output>
          </reporter-output>
        </test-method> <!-- browserlaunchconfiguration -->
        <test-method signature="runScenario(io.cucumber.testng.PickleWrapper,io.cucumber.testng.FeatureWrapper)[pri:0, instance:sanity_script.Runner@3b69e7d1]" started-at="2024-11-18T10:27:37 IST" name="runScenario" description="Runs Cucumber Scenarios" data-provider="scenarios" finished-at="2024-11-18T10:27:41 IST" duration-ms="4294" status="PASS">
          <params>
            <param index="0">
              <value>
                <![CDATA["login page : go to offline and check the toast content"]]>
              </value>
            </param>
            <param index="1">
              <value>
                <![CDATA["offline sceanrios"]]>
              </value>
            </param>
          </params>
          <reporter-output>
          </reporter-output>
        </test-method> <!-- runScenario -->
        <test-method signature="runScenario(io.cucumber.testng.PickleWrapper,io.cucumber.testng.FeatureWrapper)[pri:0, instance:sanity_script.Runner@3b69e7d1]" started-at="2024-11-18T10:27:41 IST" name="runScenario" description="Runs Cucumber Scenarios" data-provider="scenarios" finished-at="2024-11-18T10:27:45 IST" duration-ms="3552" status="PASS">
          <params>
            <param index="0">
              <value>
                <![CDATA["Login page : click on the sigin in offline"]]>
              </value>
            </param>
            <param index="1">
              <value>
                <![CDATA["offline sceanrios"]]>
              </value>
            </param>
          </params>
          <reporter-output>
          </reporter-output>
        </test-method> <!-- runScenario -->
        <test-method signature="runScenario(io.cucumber.testng.PickleWrapper,io.cucumber.testng.FeatureWrapper)[pri:0, instance:sanity_script.Runner@3b69e7d1]" started-at="2024-11-18T10:27:45 IST" name="runScenario" description="Runs Cucumber Scenarios" data-provider="scenarios" finished-at="2024-11-18T10:27:49 IST" duration-ms="4520" status="PASS">
          <params>
            <param index="0">
              <value>
                <![CDATA["Login page : come back to online in login page"]]>
              </value>
            </param>
            <param index="1">
              <value>
                <![CDATA["offline sceanrios"]]>
              </value>
            </param>
          </params>
          <reporter-output>
          </reporter-output>
        </test-method> <!-- runScenario -->
        <test-method signature="runScenario(io.cucumber.testng.PickleWrapper,io.cucumber.testng.FeatureWrapper)[pri:0, instance:sanity_script.Runner@3b69e7d1]" started-at="2024-11-18T10:27:49 IST" name="runScenario" description="Runs Cucumber Scenarios" data-provider="scenarios" finished-at="2024-11-18T10:28:01 IST" duration-ms="11426" status="PASS">
          <params>
            <param index="0">
              <value>
                <![CDATA["Login the application"]]>
              </value>
            </param>
            <param index="1">
              <value>
                <![CDATA["offline sceanrios"]]>
              </value>
            </param>
          </params>
          <reporter-output>
          </reporter-output>
        </test-method> <!-- runScenario -->
        <test-method signature="runScenario(io.cucumber.testng.PickleWrapper,io.cucumber.testng.FeatureWrapper)[pri:0, instance:sanity_script.Runner@3b69e7d1]" started-at="2024-11-18T10:28:01 IST" name="runScenario" description="Runs Cucumber Scenarios" data-provider="scenarios" finished-at="2024-11-18T10:28:32 IST" duration-ms="31132" status="PASS">
          <params>
            <param index="0">
              <value>
                <![CDATA["Stream page : offline scenario in stream page"]]>
              </value>
            </param>
            <param index="1">
              <value>
                <![CDATA["offline sceanrios"]]>
              </value>
            </param>
          </params>
          <reporter-output>
          </reporter-output>
        </test-method> <!-- runScenario -->
        <test-method signature="runScenario(io.cucumber.testng.PickleWrapper,io.cucumber.testng.FeatureWrapper)[pri:0, instance:sanity_script.Runner@3b69e7d1]" started-at="2024-11-18T10:28:32 IST" name="runScenario" description="Runs Cucumber Scenarios" data-provider="scenarios" finished-at="2024-11-18T10:28:44 IST" duration-ms="11789" status="PASS">
          <params>
            <param index="0">
              <value>
                <![CDATA["Destination page : offline scenario in destination page"]]>
              </value>
            </param>
            <param index="1">
              <value>
                <![CDATA["offline sceanrios"]]>
              </value>
            </param>
          </params>
          <reporter-output>
          </reporter-output>
        </test-method> <!-- runScenario -->
        <test-method signature="runScenario(io.cucumber.testng.PickleWrapper,io.cucumber.testng.FeatureWrapper)[pri:0, instance:sanity_script.Runner@3b69e7d1]" started-at="2024-11-18T10:28:44 IST" name="runScenario" description="Runs Cucumber Scenarios" data-provider="scenarios" finished-at="2024-11-18T10:28:53 IST" duration-ms="9608" status="PASS">
          <params>
            <param index="0">
              <value>
                <![CDATA["Library page : offline scenario in library page"]]>
              </value>
            </param>
            <param index="1">
              <value>
                <![CDATA["offline sceanrios"]]>
              </value>
            </param>
          </params>
          <reporter-output>
          </reporter-output>
        </test-method> <!-- runScenario -->
        <test-method signature="runScenario(io.cucumber.testng.PickleWrapper,io.cucumber.testng.FeatureWrapper)[pri:0, instance:sanity_script.Runner@3b69e7d1]" started-at="2024-11-18T10:28:53 IST" name="runScenario" description="Runs Cucumber Scenarios" data-provider="scenarios" finished-at="2024-11-18T10:29:03 IST" duration-ms="9900" status="PASS">
          <params>
            <param index="0">
              <value>
                <![CDATA["Members page: offline scenario in members page"]]>
              </value>
            </param>
            <param index="1">
              <value>
                <![CDATA["offline sceanrios"]]>
              </value>
            </param>
          </params>
          <reporter-output>
          </reporter-output>
        </test-method> <!-- runScenario -->
        <test-method signature="runScenario(io.cucumber.testng.PickleWrapper,io.cucumber.testng.FeatureWrapper)[pri:0, instance:sanity_script.Runner@3b69e7d1]" started-at="2024-11-18T10:29:03 IST" name="runScenario" description="Runs Cucumber Scenarios" data-provider="scenarios" finished-at="2024-11-18T10:29:20 IST" duration-ms="16805" status="PASS">
          <params>
            <param index="0">
              <value>
                <![CDATA["Pre-preview screen : Offline scenario in pre-preview screen"]]>
              </value>
            </param>
            <param index="1">
              <value>
                <![CDATA["offline sceanrios"]]>
              </value>
            </param>
          </params>
          <reporter-output>
          </reporter-output>
        </test-method> <!-- runScenario -->
        <test-method signature="runScenario(io.cucumber.testng.PickleWrapper,io.cucumber.testng.FeatureWrapper)[pri:0, instance:sanity_script.Runner@3b69e7d1]" started-at="2024-11-18T10:29:20 IST" name="runScenario" description="Runs Cucumber Scenarios" data-provider="scenarios" finished-at="2024-11-18T10:29:36 IST" duration-ms="15958" status="PASS">
          <params>
            <param index="0">
              <value>
                <![CDATA["studio page : offline scenario in studio page"]]>
              </value>
            </param>
            <param index="1">
              <value>
                <![CDATA["offline sceanrios"]]>
              </value>
            </param>
          </params>
          <reporter-output>
          </reporter-output>
        </test-method> <!-- runScenario -->
        <test-method is-config="true" signature="browserQuitconfiguration()[pri:0, instance:sanity_script.Runner@3b69e7d1]" started-at="2024-11-18T10:29:36 IST" name="browserQuitconfiguration" finished-at="2024-11-18T10:29:38 IST" duration-ms="1452" status="PASS">
          <reporter-output>
          </reporter-output>
        </test-method> <!-- browserQuitconfiguration -->
        <test-method is-config="true" signature="tearDownClass()[pri:0, instance:sanity_script.Runner@3b69e7d1]" started-at="2024-11-18T10:29:38 IST" name="tearDownClass" finished-at="2024-11-18T10:29:38 IST" duration-ms="59" status="PASS">
          <reporter-output>
          </reporter-output>
        </test-method> <!-- tearDownClass -->
      </class> <!-- sanity_script.Runner -->
    </test> <!-- Test -->
  </suite> <!-- Suite -->
</testng-results>
