<?xml version="1.0" encoding="UTF-8"?>
<testng-results ignored="0" total="5" passed="5" failed="0" skipped="0">
  <reporter-output>
  </reporter-output>
  <suite started-at="2024-11-15T16:34:11 IST" name="Suite" finished-at="2024-11-15T16:35:24 IST" duration-ms="73007">
    <groups>
      <group name="cucumber">
        <method signature="AbstractTestNGCucumberTests.runScenario(io.cucumber.testng.PickleWrapper,io.cucumber.testng.FeatureWrapper)[pri:0, instance:sanity_script.Runner@7586beff]" name="runScenario" class="io.cucumber.testng.AbstractTestNGCucumberTests"/>
      </group> <!-- cucumber -->
    </groups>
    <test started-at="2024-11-15T16:34:11 IST" name="Test" finished-at="2024-11-15T16:35:24 IST" duration-ms="73007">
      <class name="sanity_script.Runner">
        <test-method is-config="true" signature="setUpClass(org.testng.ITestContext)[pri:0, instance:sanity_script.Runner@7586beff]" started-at="2024-11-15T16:34:11 IST" name="setUpClass" finished-at="2024-11-15T16:34:12 IST" duration-ms="734" status="PASS">
          <params>
            <param index="0">
              <value>
                <![CDATA[org.testng.TestRunner@a7cf42f]]>
              </value>
            </param>
          </params>
          <reporter-output>
          </reporter-output>
        </test-method> <!-- setUpClass -->
        <test-method is-config="true" signature="browserlaunchconfiguration(java.lang.String,java.lang.String)[pri:0, instance:sanity_script.Runner@7586beff]" started-at="2024-11-15T16:34:12 IST" name="browserlaunchconfiguration" finished-at="2024-11-15T16:34:24 IST" duration-ms="11835" status="PASS">
          <params>
            <param index="0">
              <value>
                <![CDATA[chrome]]>
              </value>
            </param>
            <param index="1">
              <value>
                <![CDATA[QA]]>
              </value>
            </param>
          </params>
          <reporter-output>
          </reporter-output>
        </test-method> <!-- browserlaunchconfiguration -->
        <test-method signature="runScenario(io.cucumber.testng.PickleWrapper,io.cucumber.testng.FeatureWrapper)[pri:0, instance:sanity_script.Runner@7586beff]" started-at="2024-11-15T16:34:24 IST" name="runScenario" description="Runs Cucumber Scenarios" data-provider="scenarios" finished-at="2024-11-15T16:34:29 IST" duration-ms="4607" status="PASS">
          <params>
            <param index="0">
              <value>
                <![CDATA["login page : go to offline and check the toast content"]]>
              </value>
            </param>
            <param index="1">
              <value>
                <![CDATA["offline sceanrios"]]>
              </value>
            </param>
          </params>
          <reporter-output>
          </reporter-output>
        </test-method> <!-- runScenario -->
        <test-method signature="runScenario(io.cucumber.testng.PickleWrapper,io.cucumber.testng.FeatureWrapper)[pri:0, instance:sanity_script.Runner@7586beff]" started-at="2024-11-15T16:34:29 IST" name="runScenario" description="Runs Cucumber Scenarios" data-provider="scenarios" finished-at="2024-11-15T16:34:32 IST" duration-ms="3534" status="PASS">
          <params>
            <param index="0">
              <value>
                <![CDATA["Login page : click on the sigin in offline"]]>
              </value>
            </param>
            <param index="1">
              <value>
                <![CDATA["offline sceanrios"]]>
              </value>
            </param>
          </params>
          <reporter-output>
          </reporter-output>
        </test-method> <!-- runScenario -->
        <test-method signature="runScenario(io.cucumber.testng.PickleWrapper,io.cucumber.testng.FeatureWrapper)[pri:0, instance:sanity_script.Runner@7586beff]" started-at="2024-11-15T16:34:32 IST" name="runScenario" description="Runs Cucumber Scenarios" data-provider="scenarios" finished-at="2024-11-15T16:34:37 IST" duration-ms="4496" status="PASS">
          <params>
            <param index="0">
              <value>
                <![CDATA["Login page : come back to online in login page"]]>
              </value>
            </param>
            <param index="1">
              <value>
                <![CDATA["offline sceanrios"]]>
              </value>
            </param>
          </params>
          <reporter-output>
          </reporter-output>
        </test-method> <!-- runScenario -->
        <test-method signature="runScenario(io.cucumber.testng.PickleWrapper,io.cucumber.testng.FeatureWrapper)[pri:0, instance:sanity_script.Runner@7586beff]" started-at="2024-11-15T16:34:37 IST" name="runScenario" description="Runs Cucumber Scenarios" data-provider="scenarios" finished-at="2024-11-15T16:34:52 IST" duration-ms="15749" status="PASS">
          <params>
            <param index="0">
              <value>
                <![CDATA["Login the application"]]>
              </value>
            </param>
            <param index="1">
              <value>
                <![CDATA["offline sceanrios"]]>
              </value>
            </param>
          </params>
          <reporter-output>
          </reporter-output>
        </test-method> <!-- runScenario -->
        <test-method signature="runScenario(io.cucumber.testng.PickleWrapper,io.cucumber.testng.FeatureWrapper)[pri:0, instance:sanity_script.Runner@7586beff]" started-at="2024-11-15T16:34:52 IST" name="runScenario" description="Runs Cucumber Scenarios" data-provider="scenarios" finished-at="2024-11-15T16:35:22 IST" duration-ms="29248" status="PASS">
          <params>
            <param index="0">
              <value>
                <![CDATA["Stream page : offline scenario in stream page"]]>
              </value>
            </param>
            <param index="1">
              <value>
                <![CDATA["offline sceanrios"]]>
              </value>
            </param>
          </params>
          <reporter-output>
          </reporter-output>
        </test-method> <!-- runScenario -->
        <test-method is-config="true" signature="browserQuitconfiguration()[pri:0, instance:sanity_script.Runner@7586beff]" started-at="2024-11-15T16:35:22 IST" name="browserQuitconfiguration" finished-at="2024-11-15T16:35:24 IST" duration-ms="2692" status="PASS">
          <reporter-output>
          </reporter-output>
        </test-method> <!-- browserQuitconfiguration -->
        <test-method is-config="true" signature="tearDownClass()[pri:0, instance:sanity_script.Runner@7586beff]" started-at="2024-11-15T16:35:24 IST" name="tearDownClass" finished-at="2024-11-15T16:35:24 IST" duration-ms="51" status="PASS">
          <reporter-output>
          </reporter-output>
        </test-method> <!-- tearDownClass -->
      </class> <!-- sanity_script.Runner -->
    </test> <!-- Test -->
  </suite> <!-- Suite -->
</testng-results>
