<?xml version="1.0" encoding="UTF-8"?>
<!-- Generated by org.testng.reporters.JUnitReportReporter -->
<testsuite hostname="LAPTOP-IF2LQPSQ" failures="0" tests="5" name="sanity_script.Runner" time="21.044" errors="1" timestamp="2024-11-15T08:21:19 IST" skipped="0">
  <testcase classname="sanity_script.Runner" name="runScenario" time="4.794"/>
  <system-out/>
  <testcase classname="sanity_script.Runner" name="runScenario" time="3.808"/>
  <system-out/>
  <testcase classname="sanity_script.Runner" name="runScenario" time="3.979"/>
  <system-out/>
  <testcase classname="sanity_script.Runner" name="runScenario" time="4.289"/>
  <system-out/>
  <testcase classname="sanity_script.Runner" name="runScenario" time="4.174">
    <error message="TODO: implement me" type="io.cucumber.java.PendingException">
      <![CDATA[io.cucumber.java.PendingException: TODO: implement me
at sanity_script.step_defination.click_on_the_create_stream_button(step_defination.java:102)
at ✽.click on the create stream button(file:///C:/Users/guru/Desktop/Automation_script/OTF_script/src/main/java/feature_file/OTF_offline.feature:33)
]]>
    </error>
  </testcase> <!-- runScenario -->
  <system-out/>
</testsuite> <!-- sanity_script.Runner -->
